0 info it worked if it ends with ok
1 verbose cli [ '/usr/bin/node', '/usr/bin/npm', 'install', 'nodeman', '-g' ]
2 info using npm@3.5.2
3 info using node@v8.10.0
4 silly loadCurrentTree Starting
5 silly install loadCurrentTree
6 silly install readGlobalPackageData
7 silly fetchPackageMetaData nodeman
8 silly fetchNamedPackageData nodeman
9 silly mapToRegistry name nodeman
10 silly mapToRegistry using default registry
11 silly mapToRegistry registry https://registry.npmjs.org/
12 silly mapToRegistry uri https://registry.npmjs.org/nodeman
13 verbose request uri https://registry.npmjs.org/nodeman
14 verbose request no auth needed
15 info attempt registry request try #1 at 8:44:36 AM
16 verbose request id f92af99c52df2877
17 http request GET https://registry.npmjs.org/nodeman
18 http 200 https://registry.npmjs.org/nodeman
19 verbose headers { date: 'Fri, 28 Sep 2018 06:44:37 GMT',
19 verbose headers   'content-type': 'application/json; charset=UTF-8',
19 verbose headers   'transfer-encoding': 'chunked',
19 verbose headers   connection: 'keep-alive',
19 verbose headers   'set-cookie':
19 verbose headers    [ '__cfduid=d57ef7e136ea98270c769ff13bf77e73f1538117076; expires=Sat, 28-Sep-19 06:44:36 GMT; path=/; domain=.registry.npmjs.org; HttpOnly' ],
19 verbose headers   'cf-cache-status': 'MISS',
19 verbose headers   'cache-control': 'max-age=300',
19 verbose headers   'cf-ray': '46143e0fac614291-OSL',
19 verbose headers   etag: 'W/"d13cc01a771da38fd893218996ec6c5c"',
19 verbose headers   'expect-ct': 'max-age=604800, report-uri="https://report-uri.cloudflare.com/cdn-cgi/beacon/expect-ct"',
19 verbose headers   'last-modified': 'Sun, 27 May 2018 10:28:08 GMT',
19 verbose headers   vary: 'accept-encoding, accept',
19 verbose headers   server: 'cloudflare',
19 verbose headers   'content-encoding': 'gzip' }
20 silly get cb [ 200,
20 silly get   { date: 'Fri, 28 Sep 2018 06:44:37 GMT',
20 silly get     'content-type': 'application/json; charset=UTF-8',
20 silly get     'transfer-encoding': 'chunked',
20 silly get     connection: 'keep-alive',
20 silly get     'set-cookie':
20 silly get      [ '__cfduid=d57ef7e136ea98270c769ff13bf77e73f1538117076; expires=Sat, 28-Sep-19 06:44:36 GMT; path=/; domain=.registry.npmjs.org; HttpOnly' ],
20 silly get     'cf-cache-status': 'MISS',
20 silly get     'cache-control': 'max-age=300',
20 silly get     'cf-ray': '46143e0fac614291-OSL',
20 silly get     etag: 'W/"d13cc01a771da38fd893218996ec6c5c"',
20 silly get     'expect-ct': 'max-age=604800, report-uri="https://report-uri.cloudflare.com/cdn-cgi/beacon/expect-ct"',
20 silly get     'last-modified': 'Sun, 27 May 2018 10:28:08 GMT',
20 silly get     vary: 'accept-encoding, accept',
20 silly get     server: 'cloudflare',
20 silly get     'content-encoding': 'gzip' } ]
21 verbose get saving nodeman to /home/lassekl/.npm/registry.npmjs.org/nodeman/.cache.json
22 silly install normalizeTree
23 silly loadCurrentTree Finishing
24 silly loadIdealTree Starting
25 silly install loadIdealTree
26 silly cloneCurrentTree Starting
27 silly install cloneCurrentTreeToIdealTree
28 silly cloneCurrentTree Finishing
29 silly loadShrinkwrap Starting
30 silly install loadShrinkwrap
31 silly loadShrinkwrap Finishing
32 silly loadAllDepsIntoIdealTree Starting
33 silly install loadAllDepsIntoIdealTree
34 silly resolveWithNewModule nodeman@1.1.2 checking installable status
35 silly cache add args [ 'nodeman', null ]
36 verbose cache add spec nodeman
37 silly cache add parsed spec Result {
37 silly cache add   raw: 'nodeman',
37 silly cache add   scope: null,
37 silly cache add   name: 'nodeman',
37 silly cache add   rawSpec: '',
37 silly cache add   spec: 'latest',
37 silly cache add   type: 'tag' }
38 silly addNamed nodeman@latest
39 verbose addNamed "latest" is being treated as a dist-tag for nodeman
40 info addNameTag [ 'nodeman', 'latest' ]
41 silly mapToRegistry name nodeman
42 silly mapToRegistry using default registry
43 silly mapToRegistry registry https://registry.npmjs.org/
44 silly mapToRegistry uri https://registry.npmjs.org/nodeman
45 verbose addNameTag registry:https://registry.npmjs.org/nodeman not in flight; fetching
46 verbose get https://registry.npmjs.org/nodeman not expired, no request
47 silly addNameTag next cb for nodeman with tag latest
48 silly addNamed nodeman@1.1.2
49 verbose addNamed "1.1.2" is a plain semver version for nodeman
50 silly mapToRegistry name nodeman
51 silly mapToRegistry using default registry
52 silly mapToRegistry registry https://registry.npmjs.org/
53 silly mapToRegistry uri https://registry.npmjs.org/nodeman
54 verbose addRemoteTarball https://registry.npmjs.org/nodeman/-/nodeman-1.1.2.tgz not in flight; adding
55 verbose addRemoteTarball [ 'https://registry.npmjs.org/nodeman/-/nodeman-1.1.2.tgz',
55 verbose addRemoteTarball   '78128508f7540dbbffbf7f1093222e09d58e1b64' ]
56 info retry fetch attempt 1 at 8:44:37 AM
57 info attempt registry request try #1 at 8:44:37 AM
58 http fetch GET https://registry.npmjs.org/nodeman/-/nodeman-1.1.2.tgz
59 http fetch 200 https://registry.npmjs.org/nodeman/-/nodeman-1.1.2.tgz
60 silly fetchAndShaCheck shasum 78128508f7540dbbffbf7f1093222e09d58e1b64
61 verbose addTmpTarball /tmp/npm-2190-991159f9/registry.npmjs.org/nodeman/-/nodeman-1.1.2.tgz not in flight; adding
62 verbose addTmpTarball already have metadata; skipping unpack for nodeman@1.1.2
63 silly cache afterAdd nodeman@1.1.2
64 verbose afterAdd /home/lassekl/.npm/nodeman/1.1.2/package/package.json not in flight; writing
65 verbose afterAdd /home/lassekl/.npm/nodeman/1.1.2/package/package.json written
66 silly fetchNamedPackageData colors
67 silly mapToRegistry name colors
68 silly mapToRegistry using default registry
69 silly mapToRegistry registry https://registry.npmjs.org/
70 silly mapToRegistry uri https://registry.npmjs.org/colors
71 verbose request uri https://registry.npmjs.org/colors
72 verbose request no auth needed
73 info attempt registry request try #1 at 8:44:38 AM
74 verbose etag W/"e93277e0f0e81315ee9f036864574e3a"
75 verbose lastModified Wed, 22 Aug 2018 18:48:54 GMT
76 http request GET https://registry.npmjs.org/colors
77 http 304 https://registry.npmjs.org/colors
78 verbose headers { date: 'Fri, 28 Sep 2018 06:44:38 GMT',
78 verbose headers   connection: 'keep-alive',
78 verbose headers   'set-cookie':
78 verbose headers    [ '__cfduid=db4147249f58f81d4e6308f712f26cb121538117078; expires=Sat, 28-Sep-19 06:44:38 GMT; path=/; domain=.registry.npmjs.org; HttpOnly' ],
78 verbose headers   'cf-cache-status': 'HIT',
78 verbose headers   'cache-control': 'max-age=300',
78 verbose headers   'cf-ray': '46143e1a9bf34291-OSL',
78 verbose headers   etag: '"e93277e0f0e81315ee9f036864574e3a"',
78 verbose headers   'expect-ct': 'max-age=604800, report-uri="https://report-uri.cloudflare.com/cdn-cgi/beacon/expect-ct"',
78 verbose headers   'last-modified': 'Wed, 22 Aug 2018 18:48:54 GMT',
78 verbose headers   vary: 'accept-encoding, accept',
78 verbose headers   server: 'cloudflare' }
79 silly get cb [ 304,
79 silly get   { date: 'Fri, 28 Sep 2018 06:44:38 GMT',
79 silly get     connection: 'keep-alive',
79 silly get     'set-cookie':
79 silly get      [ '__cfduid=db4147249f58f81d4e6308f712f26cb121538117078; expires=Sat, 28-Sep-19 06:44:38 GMT; path=/; domain=.registry.npmjs.org; HttpOnly' ],
79 silly get     'cf-cache-status': 'HIT',
79 silly get     'cache-control': 'max-age=300',
79 silly get     'cf-ray': '46143e1a9bf34291-OSL',
79 silly get     etag: '"e93277e0f0e81315ee9f036864574e3a"',
79 silly get     'expect-ct': 'max-age=604800, report-uri="https://report-uri.cloudflare.com/cdn-cgi/beacon/expect-ct"',
79 silly get     'last-modified': 'Wed, 22 Aug 2018 18:48:54 GMT',
79 silly get     vary: 'accept-encoding, accept',
79 silly get     server: 'cloudflare' } ]
80 verbose etag https://registry.npmjs.org/colors from cache
81 verbose get saving colors to /home/lassekl/.npm/registry.npmjs.org/colors/.cache.json
82 silly resolveWithNewModule colors@1.3.2 checking installable status
83 silly cache add args [ 'colors@*', null ]
84 verbose cache add spec colors@*
85 silly cache add parsed spec Result {
85 silly cache add   raw: 'colors@*',
85 silly cache add   scope: null,
85 silly cache add   name: 'colors',
85 silly cache add   rawSpec: '*',
85 silly cache add   spec: '*',
85 silly cache add   type: 'range' }
86 silly addNamed colors@*
87 verbose addNamed "*" is a valid semver range for colors
88 silly addNameRange { name: 'colors', range: '*', hasData: false }
89 silly mapToRegistry name colors
90 silly mapToRegistry using default registry
91 silly mapToRegistry registry https://registry.npmjs.org/
92 silly mapToRegistry uri https://registry.npmjs.org/colors
93 verbose addNameRange registry:https://registry.npmjs.org/colors not in flight; fetching
94 verbose get https://registry.npmjs.org/colors not expired, no request
95 silly addNameRange number 2 { name: 'colors', range: '*', hasData: true }
96 silly addNameRange versions [ 'colors',
96 silly addNameRange   [ '0.3.0',
96 silly addNameRange     '0.5.0',
96 silly addNameRange     '0.5.1',
96 silly addNameRange     '0.6.0',
96 silly addNameRange     '0.6.0-1',
96 silly addNameRange     '0.6.1',
96 silly addNameRange     '0.6.2',
96 silly addNameRange     '1.0.0',
96 silly addNameRange     '1.0.1',
96 silly addNameRange     '1.0.2',
96 silly addNameRange     '1.0.3',
96 silly addNameRange     '1.1.0',
96 silly addNameRange     '1.1.1',
96 silly addNameRange     '1.1.2',
96 silly addNameRange     '1.2.0-rc0',
96 silly addNameRange     '1.2.0',
96 silly addNameRange     '1.2.1',
96 silly addNameRange     '1.2.2',
96 silly addNameRange     '1.2.3',
96 silly addNameRange     '1.2.4',
96 silly addNameRange     '1.2.5',
96 silly addNameRange     '1.3.0',
96 silly addNameRange     '1.3.1',
96 silly addNameRange     '1.3.2' ] ]
97 silly addNamed colors@1.3.2
98 verbose addNamed "1.3.2" is a plain semver version for colors
99 silly cache afterAdd colors@1.3.2
100 verbose afterAdd /home/lassekl/.npm/colors/1.3.2/package/package.json not in flight; writing
101 verbose afterAdd /home/lassekl/.npm/colors/1.3.2/package/package.json written
102 silly loadAllDepsIntoIdealTree Finishing
103 silly idealTree:prePrune lib
103 silly idealTree:prePrune └─┬ nodeman@1.1.2
103 silly idealTree:prePrune   └── colors@1.3.2
104 silly loadIdealTree Finishing
105 silly currentTree lib
106 silly idealTree lib
106 silly idealTree └─┬ nodeman@1.1.2
106 silly idealTree   └── colors@1.3.2
107 silly generateActionsToTake Starting
108 silly install generateActionsToTake
109 warn checkPermissions Missing write access to /usr/local/lib
110 silly rollbackFailedOptional Starting
111 silly rollbackFailedOptional Finishing
112 silly runTopLevelLifecycles Starting
113 silly runTopLevelLifecycles Finishing
114 silly install printInstalled
115 verbose stack Error: EACCES: permission denied, access '/usr/local/lib'
116 verbose cwd /home/lassekl/Documents/Sublime/user-login-app/user-app/public
117 error Linux 4.15.0-34-generic
118 error argv "/usr/bin/node" "/usr/bin/npm" "install" "nodeman" "-g"
119 error node v8.10.0
120 error npm  v3.5.2
121 error path /usr/local/lib
122 error code EACCES
123 error errno -13
124 error syscall access
125 error Error: EACCES: permission denied, access '/usr/local/lib'
125 error  { Error: EACCES: permission denied, access '/usr/local/lib'
125 error   errno: -13,
125 error   code: 'EACCES',
125 error   syscall: 'access',
125 error   path: '/usr/local/lib' }
126 error Please try running this command again as root/Administrator.
127 verbose exit [ -13, true ]
